[Apr 16, 2024, 11:22:34.9 AM:ERROR:url_loader.cc(130)] Network error: net::ERR_INTERNET_DISCONNECTED
[Apr 16, 2024, 11:22:34.9 AM:ERROR:get_parameters.cc(140)] Unexpected status code! (HTTP -1)
[Apr 16, 2024, 11:22:34.9 AM:ERROR:url_loader.cc(130)] Network error: net::ERR_INTERNET_DISCONNECTED
[Apr 16, 2024, 11:22:34.9 AM:ERROR:get_prefix_list.cc(32)] Unexpected HTTP status: -1
[Apr 16, 2024, 11:22:34.9 AM:ERROR:get_prefix_list.cc(55)] Invalid server response for publisher prefix list
[Apr 16, 2024, 11:22:34.9 AM:ERROR:publisher_prefix_list_updater.cc(68)] Invalid server response for publisher prefix list
--------------------------------------------------------------------------------
[Jun 16, 2024, 9:35:42.5 PM:ERROR:publisher.cc(776)] Failed to retrieve panel publisher info
[Jun 16, 2024, 9:35:43.9 PM:ERROR:refill_confirmation_tokens.cc(198)] Failed to get signed tokens
[Jun 16, 2024, 9:35:45.9 PM:ERROR:publisher.cc(776)] Failed to retrieve panel publisher info
[Jun 16, 2024, 9:36:01.7 PM:ERROR:publisher.cc(776)] Failed to retrieve panel publisher info
--------------------------------------------------------------------------------
[Jun 18, 2024, 7:46:49.9 AM:ERROR:publisher.cc(650)] Publisher info not found
[Jun 18, 2024, 8:49:16.0 PM:ERROR:url_loader.cc(130)] Network error: net::ERR_NAME_NOT_RESOLVED
[Jun 18, 2024, 8:49:16.0 PM:ERROR:get_parameters.cc(145)] Unexpected status code! (HTTP -1)
[Jun 18, 2024, 8:51:29.2 PM:ERROR:url_loader.cc(130)] Network error: net::ERR_NAME_NOT_RESOLVED
[Jun 18, 2024, 8:51:29.2 PM:ERROR:get_parameters.cc(145)] Unexpected status code! (HTTP -1)
[Jun 18, 2024, 8:56:02.4 PM:ERROR:url_loader.cc(130)] Network error: net::ERR_NAME_NOT_RESOLVED
[Jun 18, 2024, 8:56:02.4 PM:ERROR:get_parameters.cc(145)] Unexpected status code! (HTTP -1)
[Jun 19, 2024, 12:23:35.9 AM:ERROR:url_loader.cc(130)] Network error: net::ERR_NAME_NOT_RESOLVED
[Jun 19, 2024, 12:23:35.9 AM:ERROR:get_parameters.cc(145)] Unexpected status code! (HTTP -1)
[Jun 19, 2024, 12:38:17.1 AM:ERROR:url_loader.cc(130)] Network error: net::ERR_NAME_NOT_RESOLVED
[Jun 19, 2024, 12:38:17.1 AM:ERROR:get_parameters.cc(145)] Unexpected status code! (HTTP -1)
[Jun 19, 2024, 12:40:51.3 AM:ERROR:url_loader.cc(130)] Network error: net::ERR_NAME_NOT_RESOLVED
[Jun 19, 2024, 12:40:51.3 AM:ERROR:get_parameters.cc(145)] Unexpected status code! (HTTP -1)
[Jun 19, 2024, 12:41:49.5 AM:ERROR:url_loader.cc(130)] Network error: net::ERR_NAME_NOT_RESOLVED
[Jun 19, 2024, 12:41:49.5 AM:ERROR:get_parameters.cc(145)] Unexpected status code! (HTTP -1)
[Jun 20, 2024, 9:24:35.9 AM:ERROR:url_loader.cc(130)] Network error: net::ERR_INTERNET_DISCONNECTED
[Jun 20, 2024, 9:24:35.9 AM:ERROR:get_prefix_list.cc(32)] Unexpected HTTP status: -1
[Jun 20, 2024, 9:24:35.9 AM:ERROR:get_prefix_list.cc(55)] Invalid server response for publisher prefix list
[Jun 20, 2024, 9:24:35.9 AM:ERROR:publisher_prefix_list_updater.cc(67)] Invalid server response for publisher prefix list
[Jun 20, 2024, 9:24:35.9 AM:ERROR:url_loader.cc(130)] Network error: net::ERR_INTERNET_DISCONNECTED
[Jun 20, 2024, 9:24:35.9 AM:ERROR:get_parameters.cc(145)] Unexpected status code! (HTTP -1)
[Jun 20, 2024, 10:31:08.3 AM:ERROR:redeem_reward_confirmation.cc(159)] Payment token is not ready
--------------------------------------------------------------------------------
[Jun 23, 2024, 5:47:20.2 PM:ERROR:publisher.cc(650)] Publisher info not found
[Jun 27, 2024, 11:25:18.8 PM:ERROR:url_loader.cc(130)] Network error: net::ERR_INTERNET_DISCONNECTED
[Jun 27, 2024, 11:25:18.8 PM:ERROR:get_prefix_list.cc(32)] Unexpected HTTP status: -1
[Jun 27, 2024, 11:25:18.8 PM:ERROR:get_prefix_list.cc(55)] Invalid server response for publisher prefix list
[Jun 27, 2024, 11:25:18.8 PM:ERROR:publisher_prefix_list_updater.cc(67)] Invalid server response for publisher prefix list
[Jun 27, 2024, 11:25:18.9 PM:ERROR:url_loader.cc(130)] Network error: net::ERR_INTERNET_DISCONNECTED
[Jun 27, 2024, 11:25:18.9 PM:ERROR:get_parameters.cc(145)] Unexpected status code! (HTTP -1)
--------------------------------------------------------------------------------
[Jul 03, 2024, 11:03:15.8 PM:ERROR:publisher.cc(650)] Publisher info not found
--------------------------------------------------------------------------------
[Jul 06, 2024, 11:45:57.5 AM:ERROR:redeem_payment_tokens.cc(103)] Failed to redeem payment tokens
[Jul 06, 2024, 3:26:13.3 PM:ERROR:url_loader.cc(130)] Network error: net::ERR_INTERNET_DISCONNECTED
[Jul 06, 2024, 3:26:13.3 PM:ERROR:get_parameters.cc(145)] Unexpected status code! (HTTP -1)
[Jul 07, 2024, 5:04:56.9 PM:ERROR:url_loader.cc(130)] Network error: net::ERR_INTERNET_DISCONNECTED
[Jul 07, 2024, 5:04:56.9 PM:ERROR:get_parameters.cc(145)] Unexpected status code! (HTTP -1)
--------------------------------------------------------------------------------
[Jul 11, 2024, 6:21:51.1 PM:ERROR:url_loader.cc(130)] Network error: net::ERR_INTERNET_DISCONNECTED
[Jul 11, 2024, 6:21:51.2 PM:ERROR:get_prefix_list.cc(32)] Unexpected HTTP status: -1
[Jul 11, 2024, 6:21:51.2 PM:ERROR:get_prefix_list.cc(55)] Invalid server response for publisher prefix list
[Jul 11, 2024, 6:21:51.2 PM:ERROR:publisher_prefix_list_updater.cc(67)] Invalid server response for publisher prefix list
[Jul 11, 2024, 6:21:51.2 PM:ERROR:url_loader.cc(130)] Network error: net::ERR_INTERNET_DISCONNECTED
[Jul 11, 2024, 6:21:51.2 PM:ERROR:get_parameters.cc(145)] Unexpected status code! (HTTP -1)
[Jul 11, 2024, 6:21:51.2 PM:ERROR:redeem_payment_tokens.cc(103)] Failed to redeem payment tokens
[Jul 11, 2024, 9:07:15.9 PM:ERROR:redeem_payment_tokens.cc(103)] Failed to redeem payment tokens
[Jul 11, 2024, 10:01:02.1 PM:ERROR:publisher.cc(650)] Publisher info not found
[Jul 12, 2024, 10:38:01.1 AM:ERROR:url_loader.cc(130)] Network error: net::ERR_NAME_NOT_RESOLVED
[Jul 12, 2024, 10:38:01.1 AM:ERROR:get_parameters.cc(145)] Unexpected status code! (HTTP -1)
[Jul 12, 2024, 10:38:01.1 AM:ERROR:redeem_payment_tokens.cc(103)] Failed to redeem payment tokens
[Jul 12, 2024, 4:27:24.1 PM:ERROR:url_loader.cc(130)] Network error: net::ERR_NAME_NOT_RESOLVED
[Jul 12, 2024, 4:27:24.1 PM:ERROR:get_parameters.cc(145)] Unexpected status code! (HTTP -1)
[Jul 15, 2024, 10:18:29.6 AM:ERROR:url_loader.cc(130)] Network error: net::ERR_INTERNET_DISCONNECTED
[Jul 15, 2024, 10:18:29.7 AM:ERROR:get_parameters.cc(145)] Unexpected status code! (HTTP -1)
[Jul 15, 2024, 10:18:29.7 AM:ERROR:url_loader.cc(130)] Network error: net::ERR_INTERNET_DISCONNECTED
[Jul 15, 2024, 10:18:29.7 AM:ERROR:get_prefix_list.cc(32)] Unexpected HTTP status: -1
[Jul 15, 2024, 10:18:29.7 AM:ERROR:get_prefix_list.cc(55)] Invalid server response for publisher prefix list
[Jul 15, 2024, 10:18:29.7 AM:ERROR:publisher_prefix_list_updater.cc(67)] Invalid server response for publisher prefix list
[Jul 25, 2024, 2:28:35.7 PM:ERROR:url_loader.cc(130)] Network error: net::ERR_INTERNET_DISCONNECTED
[Jul 25, 2024, 2:28:35.7 PM:ERROR:get_parameters.cc(145)] Unexpected status code! (HTTP -1)
[Jul 25, 2024, 2:28:35.7 PM:ERROR:url_loader.cc(130)] Network error: net::ERR_INTERNET_DISCONNECTED
[Jul 25, 2024, 2:28:35.7 PM:ERROR:get_prefix_list.cc(32)] Unexpected HTTP status: -1
[Jul 25, 2024, 2:28:35.7 PM:ERROR:get_prefix_list.cc(55)] Invalid server response for publisher prefix list
[Jul 25, 2024, 2:28:35.7 PM:ERROR:publisher_prefix_list_updater.cc(67)] Invalid server response for publisher prefix list
[Jul 25, 2024, 9:32:43.4 PM:ERROR:url_loader.cc(130)] Network error: net::ERR_NAME_NOT_RESOLVED
[Jul 25, 2024, 9:32:43.4 PM:ERROR:get_parameters.cc(145)] Unexpected status code! (HTTP -1)
--------------------------------------------------------------------------------
[Jul 26, 2024, 10:01:53.4 AM:ERROR:url_loader.cc(130)] Network error: net::ERR_NAME_NOT_RESOLVED
[Jul 26, 2024, 10:01:53.4 AM:ERROR:get_parameters.cc(145)] Unexpected status code! (HTTP -1)
[Jul 27, 2024, 8:02:16.2 PM:ERROR:url_loader.cc(130)] Network error: net::ERR_INTERNET_DISCONNECTED
[Jul 27, 2024, 8:02:16.2 PM:ERROR:get_parameters.cc(145)] Unexpected status code! (HTTP -1)
--------------------------------------------------------------------------------
[Jul 28, 2024, 12:31:56.9 PM:ERROR:publisher.cc(650)] Publisher info not found
[Jul 28, 2024, 12:32:12.9 PM:ERROR:publisher.cc(650)] Publisher info not found
[Jul 30, 2024, 9:29:23.4 AM:ERROR:url_loader.cc(130)] Network error: net::ERR_ADDRESS_UNREACHABLE
[Jul 30, 2024, 9:29:23.4 AM:ERROR:get_parameters.cc(145)] Unexpected status code! (HTTP -1)
[Jul 31, 2024, 9:27:50.0 AM:ERROR:url_loader.cc(130)] Network error: net::ERR_INTERNET_DISCONNECTED
[Jul 31, 2024, 9:27:50.0 AM:ERROR:get_parameters.cc(145)] Unexpected status code! (HTTP -1)
--------------------------------------------------------------------------------
[Aug 07, 2024, 9:29:50.0 AM:ERROR:url_loader.cc(130)] Network error: net::ERR_INTERNET_DISCONNECTED
[Aug 07, 2024, 9:29:50.0 AM:ERROR:get_parameters.cc(145)] Unexpected status code! (HTTP -1)
--------------------------------------------------------------------------------
[Aug 12, 2024, 8:01:22.4 AM:ERROR:url_loader.cc(130)] Network error: net::ERR_INTERNET_DISCONNECTED
[Aug 12, 2024, 8:01:22.4 AM:ERROR:get_parameters.cc(145)] Unexpected status code! (HTTP -1)
[Aug 14, 2024, 9:11:08.6 AM:ERROR:url_loader.cc(130)] Network error: net::ERR_NAME_NOT_RESOLVED
[Aug 14, 2024, 9:11:08.6 AM:ERROR:get_parameters.cc(145)] Unexpected status code! (HTTP -1)
--------------------------------------------------------------------------------
[Aug 15, 2024, 12:20:05.5 PM:ERROR:url_loader.cc(130)] Network error: net::ERR_NAME_NOT_RESOLVED
[Aug 15, 2024, 12:20:05.5 PM:ERROR:get_parameters.cc(145)] Unexpected status code! (HTTP -1)
[Aug 15, 2024, 4:38:09.5 PM:ERROR:url_loader.cc(130)] Network error: net::ERR_SOCKET_NOT_CONNECTED
[Aug 15, 2024, 4:38:09.5 PM:ERROR:get_parameters.cc(145)] Unexpected status code! (HTTP -1)
--------------------------------------------------------------------------------
[Aug 16, 2024, 1:45:51.6 PM:ERROR:url_loader.cc(130)] Network error: net::ERR_INTERNET_DISCONNECTED
[Aug 16, 2024, 1:45:51.6 PM:ERROR:get_parameters.cc(145)] Unexpected status code! (HTTP -1)
[Aug 18, 2024, 10:14:54.3 AM:ERROR:url_loader.cc(130)] Network error: net::ERR_NAME_NOT_RESOLVED
[Aug 18, 2024, 10:14:54.3 AM:ERROR:get_parameters.cc(145)] Unexpected status code! (HTTP -1)
[Aug 18, 2024, 2:03:32.3 PM:ERROR:refill_confirmation_tokens.cc(198)] Failed to get signed tokens
[Aug 19, 2024, 11:23:57.5 PM:ERROR:url_loader.cc(130)] Network error: net::ERR_NAME_NOT_RESOLVED
[Aug 19, 2024, 11:23:57.6 PM:ERROR:get_parameters.cc(145)] Unexpected status code! (HTTP -1)
[Aug 20, 2024, 8:29:33.1 PM:ERROR:url_loader.cc(130)] Network error: net::ERR_ADDRESS_UNREACHABLE
[Aug 20, 2024, 8:29:33.1 PM:ERROR:get_parameters.cc(145)] Unexpected status code! (HTTP -1)
[Aug 21, 2024, 9:15:30.5 AM:ERROR:url_loader.cc(130)] Network error: net::ERR_NETWORK_CHANGED
[Aug 21, 2024, 9:15:30.5 AM:ERROR:get_parameters.cc(145)] Unexpected status code! (HTTP -1)
--------------------------------------------------------------------------------
[Aug 21, 2024, 9:32:16.2 PM:ERROR:url_loader.cc(130)] Network error: net::ERR_NAME_NOT_RESOLVED
[Aug 21, 2024, 9:32:16.2 PM:ERROR:get_parameters.cc(145)] Unexpected status code! (HTTP -1)
[Aug 22, 2024, 2:27:13.9 PM:ERROR:url_loader.cc(130)] Network error: net::ERR_INTERNET_DISCONNECTED
[Aug 22, 2024, 2:27:13.9 PM:ERROR:get_parameters.cc(145)] Unexpected status code! (HTTP -1)
[Aug 22, 2024, 8:21:05.1 PM:ERROR:url_loader.cc(130)] Network error: net::ERR_NAME_NOT_RESOLVED
[Aug 22, 2024, 8:21:05.2 PM:ERROR:get_parameters.cc(145)] Unexpected status code! (HTTP -1)
[Aug 27, 2024, 6:34:28.8 PM:ERROR:url_loader.cc(130)] Network error: net::ERR_INTERNET_DISCONNECTED
[Aug 27, 2024, 6:34:28.8 PM:ERROR:get_prefix_list.cc(32)] Unexpected HTTP status: -1
[Aug 27, 2024, 6:34:28.8 PM:ERROR:get_prefix_list.cc(55)] Invalid server response for publisher prefix list
[Aug 27, 2024, 6:34:28.8 PM:ERROR:publisher_prefix_list_updater.cc(67)] Invalid server response for publisher prefix list
[Aug 27, 2024, 6:34:28.8 PM:ERROR:url_loader.cc(130)] Network error: net::ERR_INTERNET_DISCONNECTED
[Aug 27, 2024, 6:34:28.8 PM:ERROR:get_parameters.cc(145)] Unexpected status code! (HTTP -1)
[Aug 28, 2024, 7:41:06.9 PM:ERROR:url_loader.cc(130)] Network error: net::ERR_NAME_NOT_RESOLVED
[Aug 28, 2024, 7:41:06.9 PM:ERROR:get_parameters.cc(145)] Unexpected status code! (HTTP -1)
[Aug 29, 2024, 4:15:26.2 PM:ERROR:url_loader.cc(130)] Network error: net::ERR_INTERNET_DISCONNECTED
[Aug 29, 2024, 4:15:26.2 PM:ERROR:get_parameters.cc(145)] Unexpected status code! (HTTP -1)
[Aug 29, 2024, 5:17:28.3 PM:ERROR:redeem_payment_tokens.cc(97)] Failed to redeem payment tokens
--------------------------------------------------------------------------------
[Aug 29, 2024 1:18:40.2 PM:ERROR:publisher.cc(650)] Publisher info not found
[Aug 30, 2024 4:19:55.1 AM:ERROR:url_loader.cc(130)] Network error: net::ERR_NAME_NOT_RESOLVED
[Aug 30, 2024 4:19:55.1 AM:ERROR:get_parameters.cc(145)] Unexpected status code! (HTTP -1)
[Aug 30, 2024 4:00:42.1 PM:ERROR:url_loader.cc(130)] Network error: net::ERR_NETWORK_CHANGED
[Aug 30, 2024 4:00:42.1 PM:ERROR:get_parameters.cc(145)] Unexpected status code! (HTTP -1)
[Aug 31, 2024 7:04:51.2 AM:ERROR:url_loader.cc(130)] Network error: net::ERR_NAME_NOT_RESOLVED
[Aug 31, 2024 7:04:51.2 AM:ERROR:get_parameters.cc(145)] Unexpected status code! (HTTP -1)
[Aug 31, 2024 5:59:34.6 PM:ERROR:url_loader.cc(130)] Network error: net::ERR_NAME_NOT_RESOLVED
[Aug 31, 2024 5:59:34.6 PM:ERROR:get_parameters.cc(145)] Unexpected status code! (HTTP -1)
--------------------------------------------------------------------------------
[Sep 04, 2024 12:12:34.1 PM:ERROR:url_loader.cc(130)] Network error: net::ERR_INTERNET_DISCONNECTED
[Sep 04, 2024 12:12:34.1 PM:ERROR:get_parameters.cc(145)] Unexpected status code! (HTTP -1)
[Sep 04, 2024 4:54:23.6 PM:ERROR:url_loader.cc(130)] Network error: net::ERR_NAME_NOT_RESOLVED
[Sep 04, 2024 4:54:23.6 PM:ERROR:get_parameters.cc(145)] Unexpected status code! (HTTP -1)
[Sep 05, 2024 6:04:33.2 PM:ERROR:url_loader.cc(130)] Network error: net::ERR_NAME_NOT_RESOLVED
[Sep 05, 2024 6:04:33.2 PM:ERROR:get_parameters.cc(145)] Unexpected status code! (HTTP -1)
[Sep 05, 2024 6:04:33.2 PM:ERROR:url_loader.cc(130)] Network error: net::ERR_NAME_NOT_RESOLVED
[Sep 05, 2024 6:04:33.2 PM:ERROR:get_prefix_list.cc(30)] Unexpected HTTP status: -1
[Sep 05, 2024 6:04:33.2 PM:ERROR:get_prefix_list.cc(53)] Invalid server response for publisher prefix list
[Sep 05, 2024 6:04:33.2 PM:ERROR:publisher_prefix_list_updater.cc(66)] Invalid server response for publisher prefix list
[Sep 07, 2024 5:14:52.5 AM:ERROR:url_loader.cc(130)] Network error: net::ERR_INTERNET_DISCONNECTED
[Sep 07, 2024 5:14:52.5 AM:ERROR:get_parameters.cc(145)] Unexpected status code! (HTTP -1)
[Sep 10, 2024 12:24:05.9 PM:ERROR:url_loader.cc(130)] Network error: net::ERR_INTERNET_DISCONNECTED
[Sep 10, 2024 12:24:05.9 PM:ERROR:get_parameters.cc(145)] Unexpected status code! (HTTP -1)
[Sep 10, 2024 12:24:05.9 PM:ERROR:url_loader.cc(130)] Network error: net::ERR_INTERNET_DISCONNECTED
[Sep 10, 2024 12:24:05.9 PM:ERROR:get_prefix_list.cc(30)] Unexpected HTTP status: -1
[Sep 10, 2024 12:24:05.9 PM:ERROR:get_prefix_list.cc(53)] Invalid server response for publisher prefix list
[Sep 10, 2024 12:24:05.9 PM:ERROR:publisher_prefix_list_updater.cc(66)] Invalid server response for publisher prefix list
--------------------------------------------------------------------------------
[Sep 12, 2024 5:06:00.7 PM:ERROR:url_loader.cc(130)] Network error: net::ERR_INTERNET_DISCONNECTED
[Sep 12, 2024 5:06:01.3 PM:ERROR:get_parameters.cc(145)] Unexpected status code! (HTTP -1)
--------------------------------------------------------------------------------
[Sep 14, 2024 10:35:23.3 AM:ERROR:url_loader.cc(130)] Network error: net::ERR_NAME_NOT_RESOLVED
[Sep 14, 2024 10:35:23.3 AM:ERROR:get_parameters.cc(145)] Unexpected status code! (HTTP -1)
[Sep 15, 2024 6:28:45.2 AM:ERROR:url_loader.cc(130)] Network error: net::ERR_INTERNET_DISCONNECTED
[Sep 15, 2024 6:28:45.2 AM:ERROR:get_parameters.cc(145)] Unexpected status code! (HTTP -1)
[Sep 15, 2024 6:33:10.3 AM:ERROR:url_loader.cc(130)] Network error: net::ERR_INTERNET_DISCONNECTED
[Sep 15, 2024 6:33:10.3 AM:ERROR:get_parameters.cc(145)] Unexpected status code! (HTTP -1)
[Sep 15, 2024 6:37:22.3 AM:ERROR:url_loader.cc(130)] Network error: net::ERR_INTERNET_DISCONNECTED
[Sep 15, 2024 6:37:22.3 AM:ERROR:get_parameters.cc(145)] Unexpected status code! (HTTP -1)
[Sep 15, 2024 6:41:19.3 AM:ERROR:url_loader.cc(130)] Network error: net::ERR_INTERNET_DISCONNECTED
[Sep 15, 2024 6:41:19.3 AM:ERROR:get_parameters.cc(145)] Unexpected status code! (HTTP -1)
[Sep 15, 2024 6:46:42.3 AM:ERROR:url_loader.cc(130)] Network error: net::ERR_INTERNET_DISCONNECTED
[Sep 15, 2024 6:46:42.3 AM:ERROR:get_parameters.cc(145)] Unexpected status code! (HTTP -1)
[Sep 15, 2024 6:58:25.5 AM:ERROR:url_loader.cc(130)] Network error: net::ERR_INTERNET_DISCONNECTED
[Sep 15, 2024 6:58:25.5 AM:ERROR:get_parameters.cc(145)] Unexpected status code! (HTTP -1)
--------------------------------------------------------------------------------
[Oct 06, 2024 6:06:48.5 AM GMT:ERROR:url_loader.cc(130)] Network error: net::ERR_INTERNET_DISCONNECTED
[Oct 06, 2024 6:06:48.5 AM GMT:ERROR:get_parameters.cc(145)] Unexpected status code! (HTTP -1)
[Oct 06, 2024 6:10:02.4 AM GMT:ERROR:creative_new_tab_page_ads_database_table.cc(205)] Failed to get creative new tab page ad
[Oct 08, 2024 1:49:29.4 PM GMT:ERROR:url_loader.cc(130)] Network error: net::ERR_INTERNET_DISCONNECTED
[Oct 08, 2024 1:49:30.0 PM GMT:ERROR:get_parameters.cc(145)] Unexpected status code! (HTTP -1)
[Oct 08, 2024 1:49:30.1 PM GMT:ERROR:url_loader.cc(130)] Network error: net::ERR_INTERNET_DISCONNECTED
[Oct 08, 2024 1:49:30.1 PM GMT:ERROR:get_prefix_list.cc(30)] Unexpected HTTP status: -1
[Oct 08, 2024 1:49:30.1 PM GMT:ERROR:get_prefix_list.cc(53)] Invalid server response for publisher prefix list
[Oct 08, 2024 1:49:30.1 PM GMT:ERROR:publisher_prefix_list_updater.cc(66)] Invalid server response for publisher prefix list
[Oct 08, 2024 2:29:36.4 PM GMT:ERROR:url_loader.cc(130)] Network error: net::ERR_NAME_NOT_RESOLVED
[Oct 08, 2024 2:29:36.4 PM GMT:ERROR:get_parameters.cc(145)] Unexpected status code! (HTTP -1)
[Oct 10, 2024 5:57:59.9 AM GMT:ERROR:url_loader.cc(130)] Network error: net::ERR_NAME_NOT_RESOLVED
[Oct 10, 2024 5:58:00.3 AM GMT:ERROR:get_parameters.cc(145)] Unexpected status code! (HTTP -1)
--------------------------------------------------------------------------------
[Oct 20, 2024 4:45:37.9 PM GMT:ERROR:publisher.cc(650)] Publisher info not found
[Oct 20, 2024 4:55:51.3 PM GMT:ERROR:publisher.cc(650)] Publisher info not found
[Oct 20, 2024 5:04:38.6 PM GMT:ERROR:publisher.cc(650)] Publisher info not found
[Oct 20, 2024 5:45:40.9 PM GMT:ERROR:publisher.cc(650)] Publisher info not found
[Oct 20, 2024 5:59:27.0 PM GMT:ERROR:publisher.cc(650)] Publisher info not found
[Oct 20, 2024 6:02:36.3 PM GMT:ERROR:publisher.cc(650)] Publisher info not found
[Oct 20, 2024 6:26:07.2 PM GMT:ERROR:publisher.cc(650)] Publisher info not found
[Oct 20, 2024 6:29:05.1 PM GMT:ERROR:publisher.cc(650)] Publisher info not found
[Oct 20, 2024 6:30:05.9 PM GMT:ERROR:publisher.cc(650)] Publisher info not found
[Oct 20, 2024 6:42:44.4 PM GMT:ERROR:publisher.cc(650)] Publisher info not found
--------------------------------------------------------------------------------
[Oct 24, 2024 7:41:14.3 AM GMT:ERROR:publisher.cc(650)] Publisher info not found
[Oct 25, 2024 7:48:58.2 AM GMT:ERROR:url_loader.cc(130)] Network error: net::ERR_INTERNET_DISCONNECTED
[Oct 25, 2024 7:48:58.2 AM GMT:ERROR:get_parameters.cc(145)] Unexpected status code! (HTTP -1)
[Oct 27, 2024 2:50:48.3 PM GMT:ERROR:url_loader.cc(130)] Network error: net::ERR_INTERNET_DISCONNECTED
[Oct 27, 2024 2:50:48.3 PM GMT:ERROR:get_prefix_list.cc(30)] Unexpected HTTP status: -1
[Oct 27, 2024 2:50:48.3 PM GMT:ERROR:get_prefix_list.cc(53)] Invalid server response for publisher prefix list
[Oct 27, 2024 2:50:48.3 PM GMT:ERROR:publisher_prefix_list_updater.cc(66)] Invalid server response for publisher prefix list
[Oct 27, 2024 2:50:48.3 PM GMT:ERROR:url_loader.cc(130)] Network error: net::ERR_INTERNET_DISCONNECTED
[Oct 27, 2024 2:50:48.3 PM GMT:ERROR:get_parameters.cc(145)] Unexpected status code! (HTTP -1)
[Oct 28, 2024 4:42:44.1 PM GMT:ERROR:url_loader.cc(130)] Network error: net::ERR_INTERNET_DISCONNECTED
[Oct 28, 2024 4:42:44.1 PM GMT:ERROR:get_parameters.cc(145)] Unexpected status code! (HTTP -1)
--------------------------------------------------------------------------------
[Nov 17, 2024 9:45:57.4 AM GMT:ERROR:url_loader.cc(130)] Network error: net::ERR_INTERNET_DISCONNECTED
[Nov 17, 2024 9:45:57.4 AM GMT:ERROR:get_parameters.cc(145)] Unexpected status code! (HTTP -1)
[Nov 17, 2024 2:49:59.4 PM GMT:ERROR:url_loader.cc(130)] Network error: net::ERR_INTERNET_DISCONNECTED
[Nov 17, 2024 2:49:59.4 PM GMT:ERROR:get_parameters.cc(145)] Unexpected status code! (HTTP -1)
[Nov 20, 2024 3:29:52.8 AM GMT:ERROR:url_loader.cc(130)] Network error: net::ERR_INTERNET_DISCONNECTED
[Nov 20, 2024 3:29:52.8 AM GMT:ERROR:get_parameters.cc(145)] Unexpected status code! (HTTP -1)
[Nov 22, 2024 3:32:29.1 AM GMT:ERROR:url_loader.cc(130)] Network error: net::ERR_INTERNET_DISCONNECTED
[Nov 22, 2024 3:32:29.1 AM GMT:ERROR:get_parameters.cc(145)] Unexpected status code! (HTTP -1)
[Nov 22, 2024 3:35:03.3 AM GMT:ERROR:creative_new_tab_page_ads_database_table.cc(244)] Failed to get creative new tab page ad
[Nov 22, 2024 4:07:21.8 AM GMT:ERROR:publisher.cc(650)] Publisher info not found
[Nov 27, 2024 3:49:20.1 AM GMT:ERROR:url_loader.cc(130)] Network error: net::ERR_INTERNET_DISCONNECTED
[Nov 27, 2024 3:49:20.1 AM GMT:ERROR:get_parameters.cc(145)] Unexpected status code! (HTTP -1)
[Nov 27, 2024 3:49:20.2 AM GMT:ERROR:url_loader.cc(130)] Network error: net::ERR_INTERNET_DISCONNECTED
[Nov 27, 2024 3:49:20.2 AM GMT:ERROR:get_prefix_list.cc(30)] Unexpected HTTP status: -1
[Nov 27, 2024 3:49:20.2 AM GMT:ERROR:get_prefix_list.cc(53)] Invalid server response for publisher prefix list
[Nov 27, 2024 3:49:20.2 AM GMT:ERROR:publisher_prefix_list_updater.cc(66)] Invalid server response for publisher prefix list
[Nov 27, 2024 4:19:31.2 AM GMT:ERROR:publisher.cc(650)] Publisher info not found
[Nov 27, 2024 4:24:08.8 AM GMT:ERROR:publisher.cc(650)] Publisher info not found
[Nov 30, 2024 4:35:05.6 AM GMT:ERROR:url_loader.cc(130)] Network error: net::ERR_INTERNET_DISCONNECTED
[Nov 30, 2024 4:35:05.6 AM GMT:ERROR:get_parameters.cc(145)] Unexpected status code! (HTTP -1)
[Nov 30, 2024 4:35:05.6 AM GMT:ERROR:url_loader.cc(130)] Network error: net::ERR_INTERNET_DISCONNECTED
[Nov 30, 2024 4:35:05.6 AM GMT:ERROR:get_prefix_list.cc(30)] Unexpected HTTP status: -1
[Nov 30, 2024 4:35:05.6 AM GMT:ERROR:get_prefix_list.cc(53)] Invalid server response for publisher prefix list
[Nov 30, 2024 4:35:05.6 AM GMT:ERROR:publisher_prefix_list_updater.cc(66)] Invalid server response for publisher prefix list
--------------------------------------------------------------------------------
[Dec 01, 2024 5:22:57.5 AM GMT:ERROR:url_loader.cc(130)] Network error: net::ERR_NAME_NOT_RESOLVED
[Dec 01, 2024 5:22:57.5 AM GMT:ERROR:get_parameters.cc(145)] Unexpected status code! (HTTP -1)
--------------------------------------------------------------------------------
[Dec 08, 2024 5:47:08.6 AM GMT:ERROR:url_loader.cc(130)] Network error: net::ERR_INTERNET_DISCONNECTED
[Dec 08, 2024 5:47:08.8 AM GMT:ERROR:get_parameters.cc(145)] Unexpected status code! (HTTP -1)
[Dec 08, 2024 7:12:23.5 AM GMT:ERROR:publisher.cc(650)] Publisher info not found
